Program maxstatRS version 05 Nov 2017

Statdel: Auto generated parameter file
P-values include observed data.
Variant-specific (primary) statistic (ONE-SIDED):
 t statistic, unequal variances (code = -12), maximized over 5 regions
First and last region analyzed: 10 50
Number of candidate/valid variants = 387/236
Number of pairs: 3 case-ctrl (Gr.1), 3 others (Gr.2), 6 total
Exponent for power transformation = 1.000

Of 387 variants x 5 regions, 867 have avg#obs < 3.0
Total of 0 missing pairs found
"R" indicates at what region the largest test statistic occurs
TestStat =  -9.0 indicates no valid test statistic available

         Mean HDR
Var	Group_1	Group_2	n1	n2	Teststat	R	p	chr	position	median	HDR	rank
4	0.7000	0.0000	3	381365173.4604	20	0.2500	chr1	981087	ok	0.6670	2
5	0.7000	0.0000	3	381365173.4604	20	0.2500	chr1	982941	ok	0.5710	2
6	0.7000	0.0000	3	381365173.4604	20	0.2500	chr1	982994	ok	0.5710	2
215	0.8737	0.1527	3	3	19.9671	30	chr0.2500	1	19499560	ok	0.7500	4
97	1.0000	0.1667	3	3	10.0000	10	chr0.2500	1	8420084	ok	1.0000	5.50
98	1.0000	0.1667	3	3	10.0000	20	chr0.2500	1	8426038	ok	1.0000	5.50
9	1.0000	0.2220	3	3	7.0090	50	chr0.2500	1	1138913	ok	1.0000	7
89	0.7223	0.2220	3	3	4.0341	20	chr0.2500	1	7886598	ok	0.6000	9
90	0.7223	0.2220	3	3	4.0341	20	chr0.2500	1	7887288	ok	0.6000	9
93	0.6307	0.2667	3	3	2.4919	40	chr0.2500	1	7890332	ok	0.5710	10
86	0.6240	0.2860	3	3	2.3554	50	chr0.2500	1	7870048	ok	0.5000	12
87	0.6240	0.2860	3	3	2.3554	50	chr0.2500	1	7870144	ok	0.5000	12
88	0.6240	0.2860	3	3	2.3554	40	chr0.2500	1	7870418	ok	0.5000	12
91	0.7303	0.3333	3	3	2.2267	20	chr0.2500	1	7887769	ok	0.6000	15
92	0.7303	0.3333	3	3	2.2267	20	chr0.2500	1	7890117	ok	0.6000	15
133	0.9167	0.5557	3	3	2.0544	30	chr0.2500	1	12628459	ok	1.0000	16
79	0.6667	0.3333	3	3	1.7889	20	chr0.2500	1	6586154	ok	0.5000	17
346	0.8057	0.4167	3	3	1.7717	40	chr0.2500	1	26899620	ok	0.6670	18
105	0.9333	0.5833	3	3	1.7204	40	chr0.2500	1	9324002	ok	1.0000	19
11	0.7333	0.5380	3	3	1.7118	30	chr0.2500	1	1237538	ok	0.6670	20
85	0.6093	0.3333	3	3	1.4024	40	chr0.2500	1	7861345	ok	0.6000	21
342	0.7220	0.4447	3	3	1.1160	20	chr0.2500	1	26508293	ok	0.8000	22
272	1.0000	0.6667	3	3	1.0000	20	chr0.3750	1	22838202	ok	1.0000	23
180	0.8667	0.6667	3	3	0.5883	20	chr0.5000	1	17690276	ok	0.6670	24
183	0.8777	0.8223	3	3	0.5356	50	chr0.7500	1	17706297	ok	0.8820	25
181	0.9117	0.8333	3	3	0.4699	40	chr0.7500	1	17698725	ok	0.8570	27
182	0.9117	0.8333	3	3	0.4699	40	chr0.7500	1	17698815	ok	0.8570	27
178	0.9027	0.8333	3	3	0.3984	40	chr0.5000	1	17685466	ok	0.6670	29
179	0.9027	0.8333	3	3	0.3984	40	chr0.5000	1	17685767	ok	0.6670	29
194	0.9000	0.8333	3	3	0.3780	50	chr0.5000	1	17740019	ok	0.8330	30
372	0.8000	0.6667	3	3	0.3430	20	chr0.3750	1	31896608	ok	1.0000	31.50
375	0.8000	0.6667	3	3	0.3430	20	chr0.3750	1	31906967	ok	1.0000	31.50
373	0.7777	0.6667	3	3	0.2770	20	chr0.3750	1	31897692	ok	1.0000	33.50
374	0.7777	0.6667	3	3	0.2770	20	chr0.3750	1	31905730	ok	1.0000	33.50
96	0.7760	0.7440	3	3	0.2602	50	chr1.0000	1	8395521	ok	0.7140	35
371	0.7620	0.6667	3	3	0.2328	50	chr0.3750	1	31882582	ok	1.0000	36
175	0.6390	0.6390	3	3	0.0000	20	chr0.8750	1	17413121	ok	0.5000	39
276	0.8333	0.8333	3	3	0.0000	20	chr0.7500	1	23720563	ok	0.6670	39
351	0.6390	0.6390	3	3	0.0000	30	chr0.6250	1	27686314	ok	0.6670	39
352	0.6390	0.6390	3	3	0.0000	30	chr0.6250	1	27688843	ok	0.6670	39
353	0.6390	0.6390	3	3	0.0000	40	chr0.6250	1	27700054	ok	0.6670	39
185	0.9127	0.9167	3	3	-0.0392	50	chr0.5000	1	17715081	ok	0.9170	43
186	0.9127	0.9167	3	3	-0.0392	50	chr0.5000	1	17715135	ok	0.9170	43
187	0.9127	0.9167	3	3	-0.0392	50	chr0.5000	1	17715260	ok	0.9170	43
176	0.6500	0.6557	3	3	-0.0566	50	chr0.7500	1	17431514	ok	0.5000	45
184	0.9063	0.9167	3	3	-0.0988	50	chr0.5000	1	17714864	ok	0.9170	49
188	0.9063	0.9167	3	3	-0.0988	50	chr0.5000	1	17715304	ok	0.9170	49
189	0.9063	0.9167	3	3	-0.0988	50	chr0.5000	1	17720391	ok	0.8000	49
190	0.9063	0.9167	3	3	-0.0988	50	chr0.5000	1	17720615	ok	0.8000	49
191	0.9063	0.9167	3	3	-0.0988	50	chr0.5000	1	17721329	ok	0.8000	49
192	0.9063	0.9167	3	3	-0.0988	50	chr0.5000	1	17722033	ok	0.8000	49
193	0.9063	0.9167	3	3	-0.0988	50	chr0.5000	1	17723476	ok	0.8000	49
57	0.9167	0.9333	3	3	-0.1562	50	chr0.7500	1	3782608	ok	1.0000	53
95	0.7103	0.7300	3	3	-0.1671	20	chr0.5000	1	8390213	ok	0.7140	54
50	0.6110	0.6833	3	3	-0.2405	50	chr0.5000	1	3496328	ok	0.5000	55
54	0.7080	0.7500	3	3	-0.2568	50	chr0.7500	1	3638674	ok	0.5000	57
55	0.7080	0.7500	3	3	-0.2568	50	chr0.7500	1	3640085	ok	0.5000	57
56	0.7080	0.7500	3	3	-0.2568	40	chr0.7500	1	3646291	ok	0.6670	57
250	0.4223	0.5057	3	3	-0.3355	10	chr0.8750	1	21943694	ok	0.5710	59.50
251	0.4223	0.5057	3	3	-0.3355	10	chr0.8750	1	21943974	ok	0.5710	59.50
102	0.6557	0.7223	3	3	-0.3906	40	chr0.7500	1	9030964	ok	0.5000	61.50
103	0.6557	0.7223	3	3	-0.3906	50	chr0.7500	1	9034815	ok	0.6670	61.50
27	0.7223	0.8333	3	3	-0.4995	30	chr0.6250	1	1887019	ok	0.5000	63.50
28	0.7223	0.8333	3	3	-0.4995	20	chr0.7500	1	1896440	ok	0.6670	63.50
232	0.6597	0.7440	3	3	-0.5002	50	chr1.0000	1	20972256	ok	0.7500	67
233	0.6597	0.7440	3	3	-0.5002	40	chr1.0000	1	20976875	ok	0.7500	67
234	0.6597	0.7440	3	3	-0.5002	30	chr1.0000	1	20980231	ok	0.6670	67
235	0.6597	0.7440	3	3	-0.5002	30	chr1.0000	1	20981976	ok	0.5000	67
277	0.6890	0.8000	3	3	-0.5325	30	chr0.7500	1	23724514	ok	0.6670	69
44	0.6523	0.7183	3	3	-0.5420	50	chr0.7500	1	2452569	ok	0.5000	70
248	0.4380	0.5713	3	3	-0.5562	10	chr1.0000	1	21939635	ok	0.5560	71.50
249	0.4380	0.5713	3	3	-0.5562	10	chr1.0000	1	21940001	ok	0.5560	71.50
164	0.6667	0.9047	3	3	-0.6865	10	chr0.8750	1	16528913	ok	1.0000	73
252	0.4973	0.6167	3	3	-0.7193	30	chr1.0000	1	21952949	ok	0.6250	74
174	0.6527	0.7570	3	3	-0.9545	50	chr1.0000	1	17409124	ok	0.5000	75
273	0.8890	1.0000	3	3	-1.0000	30	chr0.8750	1	22847929	ok	1.0000	77
274	0.8890	1.0000	3	3	-1.0000	40	chr0.8750	1	22852937	ok	1.0000	77
153	0.6667	1.0000	3	3	-1.0000	20	chr0.8750	1	16342103	ok	1.0000	79
154	0.6667	1.0000	3	3	-1.0000	30	chr0.8750	1	16343479	ok	1.0000	79
172	0.6167	0.7113	3	3	-1.1123	40	chr1.0000	1	17396557	ok	0.5000	81
173	0.6167	0.7113	3	3	-1.1123	30	chr1.0000	1	17402080	ok	0.6000	81
237	0.5667	0.8667	3	3	-1.1163	20	chr1.0000	1	21044007	ok	0.5000	84
238	0.5667	0.8667	3	3	-1.1163	10	chr1.0000	1	21048537	ok	0.5000	84
239	0.5667	0.8667	3	3	-1.1163	10	chr1.0000	1	21050029	ok	0.5000	84
240	0.5667	0.8667	3	3	-1.1163	10	chr1.0000	1	21050155	ok	0.5000	84
241	0.5667	0.8667	3	3	-1.1163	20	chr1.0000	1	21054082	ok	0.5000	84
236	0.6033	0.9047	3	3	-1.1285	50	chr1.0000	1	21031297	ok	0.6000	87
294	0.5000	0.7427	3	3	-1.4382	10	chr1.0000	1	24415967	ok	0.5000	88
1	0.3500	0.1333	3	3	-9.0000	30	chr0.2500	1	948921	low	0.0000	-9
2	0.3500	0.1333	3	3	-9.0000	30	chr0.2500	1	949654	low	0.0000	-9
3	0.3500	0.1333	3	3	-9.0000	30	chr0.2500	1	949925	low	0.0000	-9
7	-9	-9	-9	-9	-9	-9	chr-9	1	1120431	ok	1.0000	-9
8	-9	-9	-9	-9	-9	-9	chr-9	1	1120536	ok	1.0000	-9
10	0.8887	0.5833	3	3	-9.0000	50	chr0.5000	1	1198618	low	0.0000	-9
12	0.5510	0.3773	3	3	-9.0000	50	chr0.2500	1	1246004	low	0.0000	-9
13	0.2740	0.1667	3	3	-9.0000	40	chr0.2500	1	1254841	low	0.0000	-9
14	0.2000	0.0000	3	3	-9.0000	20	chr0.2500	1	1263144	low	0.1670	-9
15	0.2000	0.0000	3	3	-9.0000	30	chr0.2500	1	1268847	low	0.0000	-9
16	0.3453	0.0833	3	3	-9.0000	50	chr0.2500	1	1269554	low	0.0000	-9
17	0.4667	0.1333	3	3	-9.0000	50	chr0.2500	1	1310074	low	0.4000	-9
18	0.4443	0.2223	3	3	-9.0000	50	chr0.2500	1	1330726	low	0.0000	-9
19	0.4443	0.2223	3	3	-9.0000	50	chr0.2500	1	1333598	low	0.3330	-9
20	0.4167	0.3333	3	3	-9.0000	20	chr0.6667	1	1337334	low	0.0000	-9
21	-9	-9	-9	-9	-9	-9	chr-9	1	1479333	low	0.0000	-9
22	-9	-9	-9	-9	-9	-9	chr-9	1	1650807	low	0.0000	-9
23	0.3597	0.5333	3	3	-9.0000	50	chr1.0000	1	1664019	low	0.0000	-9
24	0.5557	0.7023	3	3	-9.0000	10	chr1.0000	1	1688192	low	0.4000	-9
25	0.5557	0.7023	3	3	-9.0000	10	chr1.0000	1	1688469	low	0.4000	-9
26	0.4167	0.5490	3	3	-9.0000	20	chr0.7500	1	1696659	low	0.0000	-9
29	-9	-9	-9	-9	-9	-9	chr-9	1	1956362	ok	1.0000	-9
30	-9	-9	-9	-9	-9	-9	chr-9	1	1960926	ok	1.0000	-9
31	0.3887	0.2220	3	3	-9.0000	40	chr0.3750	1	1987803	low	0.0000	-9
32	0.3887	0.2220	3	3	-9.0000	30	chr0.3750	1	1987993	low	0.0000	-9
33	0.3887	0.2220	3	3	-9.0000	40	chr0.3750	1	2002926	low	0.3330	-9
34	-9	-9	-9	-9	-9	-9	chr-9	1	2234251	ok	0.5000	-9
35	-9	-9	-9	-9	-9	-9	chr-9	1	2234632	ok	0.5000	-9
36	0.4443	0.4167	3	3	-9.0000	50	chr0.5000	1	2316315	low	0.0000	-9
37	0.4443	0.4167	3	3	-9.0000	30	chr0.5000	1	2328714	low	0.0000	-9
38	0.4160	0.3937	3	3	-9.0000	30	chr0.7500	1	2418935	low	0.0000	-9
39	0.4160	0.3937	3	3	-9.0000	30	chr0.7500	1	2420590	low	0.0000	-9
40	0.3017	0.2220	3	3	-9.0000	20	chr0.7500	1	2420913	low	0.0000	-9
41	0.2620	0.2333	3	3	-9.0000	20	chr0.7500	1	2422614	low	0.0000	-9
42	0.2620	0.2333	3	3	-9.0000	20	chr0.7500	1	2428874	low	0.2860	-9
43	0.3000	0.1667	3	3	-9.0000	20	chr0.5000	1	2430617	low	0.2500	-9
45	0.3557	0.3333	3	3	-9.0000	20	chr0.5000	1	3389727	low	0.0000	-9
46	0.3557	0.3333	3	3	-9.0000	10	chr0.5000	1	3394456	low	0.2000	-9
47	0.3333	0.2667	3	3	-9.0000	10	chr0.5000	1	3394640	low	0.2000	-9
48	0.3333	0.1667	3	3	-9.0000	10	chr0.5000	1	3395039	low	0.2000	-9
49	0.5667	0.8167	3	3	-9.0000	40	chr0.8750	1	3440647	low	0.0000	-9
51	0.4833	0.5667	3	3	-9.0000	50	chr0.5000	1	3518944	low	0.3330	-9
52	0.3610	0.5277	3	3	-9.0000	40	chr1.0000	1	3527944	low	0.0000	-9
53	-9	-9	-9	-9	-9	-9	chr-9	1	3548136	low	0.0000	-9
58	0.4000	0.0000	3	3	-9.0000	30	chr0.2500	1	5935222	low	0.4000	-9
59	0.4000	0.0000	3	3	-9.0000	30	chr0.2500	1	5937125	low	0.4000	-9
60	0.4000	0.0000	3	3	-9.0000	20	chr0.2500	1	5939736	low	0.4000	-9
61	0.4000	0.0000	3	3	-9.0000	30	chr0.2500	1	5948739	low	0.0000	-9
62	-9	-9	-9	-9	-9	-9	chr-9	1	6029179	low	0.0000	-9
63	0.2667	0.3333	3	3	-9.0000	40	chr0.5000	1	6172982	low	0.0000	-9
64	0.2897	0.4287	3	3	-9.0000	50	chr0.5000	1	6184131	low	0.0000	-9
65	0.2897	0.4287	3	3	-9.0000	50	chr0.5000	1	6184474	low	0.0000	-9
66	0.2937	0.4447	3	3	-9.0000	40	chr0.5000	1	6190315	low	0.0000	-9
67	0.3147	0.4613	3	3	-9.0000	30	chr0.5000	1	6194018	low	0.0000	-9
68	0.3147	0.4613	3	3	-9.0000	30	chr0.5000	1	6194347	low	0.0000	-9
69	0.3147	0.4613	3	3	-9.0000	30	chr0.5000	1	6194406	low	0.0000	-9
70	0.3177	0.4760	3	3	-9.0000	30	chr0.5000	1	6194646	low	0.0000	-9
71	0.3177	0.4760	3	3	-9.0000	30	chr0.5000	1	6195328	low	0.0000	-9
72	0.3177	0.4760	3	3	-9.0000	30	chr0.5000	1	6195548	low	0.0000	-9
73	0.3807	0.5453	3	3	-9.0000	20	chr0.5000	1	6196902	low	0.0000	-9
74	0.3753	0.5640	3	3	-9.0000	20	chr0.5000	1	6204300	low	0.1180	-9
75	0.5240	0.6667	3	3	-9.0000	20	chr0.5000	1	6209482	low	0.1330	-9
76	0.5240	0.6667	3	3	-9.0000	20	chr0.5000	1	6210970	low	0.1330	-9
77	0.5240	0.6667	3	3	-9.0000	20	chr0.5000	1	6211183	low	0.1330	-9
78	0.5240	0.6667	3	3	-9.0000	20	chr0.5000	1	6211340	low	0.0000	-9
80	-9	-9	-9	-9	-9	-9	chr-9	1	6690304	ok	1.0000	-9
81	-9	-9	-9	-9	-9	-9	chr-9	1	6696016	ok	1.0000	-9
82	-9	-9	-9	-9	-9	-9	chr-9	1	6704851	ok	1.0000	-9
83	-9	-9	-9	-9	-9	-9	chr-9	1	7737844	ok	1.0000	-9
84	0.5333	0.5333	3	3	-9.0000	40	chr0.6250	1	7826393	low	0.0000	-9
94	0.7103	0.7300	3	3	-9.0000	30	chr0.7500	1	8384411	low	0.0000	-9
99	-9	-9	-9	-9	-9	-9	chr-9	1	8557388	low	0.0000	-9
100	0.5553	0.6667	3	3	-9.0000	50	chr0.5000	1	9009352	low	0.0000	-9
101	0.5553	0.6667	3	3	-9.0000	40	chr0.7500	1	9011627	low	0.0000	-9
104	-9	-9	-9	-9	-9	-9	chr-9	1	9099076	ok	1.0000	-9
106	-9	-9	-9	-9	-9	-9	chr-9	1	9713717	ok	0.5000	-9
107	0.2667	0.5333	3	3	-9.0000	20	chr0.8750	1	9816686	low	0.0000	-9
108	-9	-9	-9	-9	-9	-9	chr-9	1	10155453	low	0.0000	-9
109	-9	-9	-9	-9	-9	-9	chr-9	1	10205105	ok	1.0000	-9
110	-9	-9	-9	-9	-9	-9	chr-9	1	10318736	ok	1.0000	-9
111	-9	-9	-9	-9	-9	-9	chr-9	1	10511589	ok	1.0000	-9
112	-9	-9	-9	-9	-9	-9	chr-9	1	10555334	low	0.0000	-9
113	-9	-9	-9	-9	-9	-9	chr-9	1	10596422	low	0.0000	-9
114	-9	-9	-9	-9	-9	-9	chr-9	1	11017693	ok	1.0000	-9
115	0.2223	0.4447	3	3	-9.0000	40	chr0.7500	1	11086929	low	0.0000	-9
116	0.2223	0.4447	3	3	-9.0000	40	chr0.7500	1	11087687	low	0.0000	-9
117	0.3333	0.6000	3	3	-9.0000	40	chr0.8750	1	11104893	low	0.0000	-9
118	0.3490	0.5990	3	3	-9.0000	20	chr1.0000	1	11134196	low	0.0000	-9
119	0.3610	0.6203	3	3	-9.0000	50	chr0.8750	1	11141278	low	0.0000	-9
120	-9	-9	-9	-9	-9	-9	chr-9	1	11188058	low	0.0000	-9
121	-9	-9	-9	-9	-9	-9	chr-9	1	11288582	low	0.0000	-9
122	-9	-9	-9	-9	-9	-9	chr-9	1	11288950	low	0.0000	-9
123	-9	-9	-9	-9	-9	-9	chr-9	1	11294101	low	0.0000	-9
124	-9	-9	-9	-9	-9	-9	chr-9	1	11297809	low	0.0000	-9
125	-9	-9	-9	-9	-9	-9	chr-9	1	11301766	low	0.0000	-9
126	-9	-9	-9	-9	-9	-9	chr-9	1	11318424	low	0.0000	-9
127	-9	-9	-9	-9	-9	-9	chr-9	1	11772340	low	0.0000	-9
128	-9	-9	-9	-9	-9	-9	chr-9	1	11807540	ok	1.0000	-9
129	-9	-9	-9	-9	-9	-9	chr-9	1	11850927	low	0.0000	-9
130	-9	-9	-9	-9	-9	-9	chr-9	1	11854896	low	0.0000	-9
131	-9	-9	-9	-9	-9	-9	chr-9	1	11867128	low	0.0000	-9
132	-9	-9	-9	-9	-9	-9	chr-9	1	12364481	low	0.0000	-9
134	0.0667	0.1333	3	3	-9.0000	20	chr0.7500	1	12779761	low	0.0000	-9
135	0.0667	0.1333	3	3	-9.0000	20	chr0.7500	1	12785056	low	0.0000	-9
136	0.0667	0.1333	3	3	-9.0000	20	chr0.7500	1	12785295	low	0.0000	-9
137	0.0667	0.1333	3	3	-9.0000	20	chr0.7500	1	12785749	low	0.0000	-9
138	-9	-9	-9	-9	-9	-9	chr-9	1	12819161	low	0.0000	-9
139	-9	-9	-9	-9	-9	-9	chr-9	1	12820808	low	0.0000	-9
140	-9	-9	-9	-9	-9	-9	chr-9	1	12821001	low	0.0000	-9
141	-9	-9	-9	-9	-9	-9	chr-9	1	13936920	ok	0.6670	-9
142	-9	-9	-9	-9	-9	-9	chr-9	1	13940733	ok	0.6670	-9
143	-9	-9	-9	-9	-9	-9	chr-9	1	13941452	ok	0.6670	-9
144	-9	-9	-9	-9	-9	-9	chr-9	1	14149550	ok	1.0000	-9
145	-9	-9	-9	-9	-9	-9	chr-9	1	14149767	ok	1.0000	-9
146	0.1110	0.2220	3	3	-9.0000	10	chr0.6667	1	15428117	low	0.0000	-9
147	0.1110	0.2220	3	3	-9.0000	10	chr0.6667	1	15428151	low	0.0000	-9
148	0.1110	0.2220	3	3	-9.0000	10	chr0.6667	1	15430016	low	0.0000	-9
149	0.0833	0.1667	3	3	-9.0000	30	chr0.6667	1	15439083	low	0.0000	-9
150	-9	-9	-9	-9	-9	-9	chr-9	1	15541607	low	0.0000	-9
151	-9	-9	-9	-9	-9	-9	chr-9	1	15541640	low	0.0000	-9
152	-9	-9	-9	-9	-9	-9	chr-9	1	16051767	low	0.0000	-9
155	0.3917	0.6297	3	3	-9.0000	50	chr0.8750	1	16349137	low	0.3750	-9
156	0.1667	0.3333	3	3	-9.0000	10	chr0.8750	1	16371872	low	0.0000	-9
157	0.1667	0.3333	3	3	-9.0000	10	chr0.8750	1	16372003	low	0.0000	-9
158	0.1667	0.3333	3	3	-9.0000	10	chr0.8750	1	16372274	low	0.0000	-9
159	0.1667	0.3333	3	3	-9.0000	10	chr0.8750	1	16373124	low	0.0000	-9
160	0.1667	0.3333	3	3	-9.0000	10	chr0.8750	1	16373282	low	0.0000	-9
161	0.1667	0.3333	3	3	-9.0000	10	chr0.6667	1	16376451	low	0.0000	-9
162	-9	-9	-9	-9	-9	-9	chr-9	1	16451722	low	0.0000	-9
163	-9	-9	-9	-9	-9	-9	chr-9	1	16474873	low	0.0000	-9
165	-9	-9	-9	-9	-9	-9	chr-9	1	16583030	ok	1.0000	-9
166	-9	-9	-9	-9	-9	-9	chr-9	1	16621432	ok	1.0000	-9
167	-9	-9	-9	-9	-9	-9	chr-9	1	16730135	ok	1.0000	-9
168	-9	-9	-9	-9	-9	-9	chr-9	1	16731449	ok	1.0000	-9
169	-9	-9	-9	-9	-9	-9	chr-9	1	17249334	ok	1.0000	-9
170	0.4167	0.6833	3	3	-9.0000	50	chr0.8750	1	17293094	low	0.0000	-9
171	-9	-9	-9	-9	-9	-9	chr-9	1	17371223	ok	1.0000	-9
177	-9	-9	-9	-9	-9	-9	chr-9	1	17557178	ok	1.0000	-9
195	-9	-9	-9	-9	-9	-9	chr-9	1	17915066	low	0.0000	-9
196	-9	-9	-9	-9	-9	-9	chr-9	1	17960941	low	0.0000	-9
197	0.4383	0.5713	3	3	-9.0000	10	chr0.7500	1	18021668	low	0.4290	-9
198	0.4383	0.5713	3	3	-9.0000	10	chr0.7500	1	18023215	low	0.4290	-9
199	0.4383	0.5713	3	3	-9.0000	10	chr0.7500	1	18023290	low	0.4290	-9
200	0.4383	0.5713	3	3	-9.0000	10	chr0.7500	1	18023403	low	0.4290	-9
201	0.4383	0.5713	3	3	-9.0000	10	chr0.7500	1	18023509	low	0.4290	-9
202	-9	-9	-9	-9	-9	-9	chr-9	1	18702941	low	0.0000	-9
203	0.3780	0.5553	3	3	-9.0000	10	chr0.5000	1	18807455	low	0.1670	-9
204	0.3780	0.5553	3	3	-9.0000	10	chr0.5000	1	18808154	low	0.1670	-9
205	0.3780	0.5553	3	3	-9.0000	10	chr0.5000	1	18808526	low	0.1670	-9
206	0.3780	0.5553	3	3	-9.0000	10	chr0.5000	1	18808605	low	0.1670	-9
207	0.3780	0.5553	3	3	-9.0000	10	chr0.5000	1	18808912	low	0.1670	-9
208	0.5240	0.6667	3	3	-9.0000	10	chr0.5000	1	19201956	low	0.2220	-9
209	0.5240	0.6667	3	3	-9.0000	10	chr0.5000	1	19202096	low	0.2220	-9
210	0.5240	0.6667	3	3	-9.0000	10	chr0.5000	1	19202142	low	0.2220	-9
211	0.5240	0.6667	3	3	-9.0000	10	chr0.5000	1	19202820	low	0.2220	-9
212	0.5240	0.6667	3	3	-9.0000	10	chr0.5000	1	19203692	low	0.2220	-9
213	0.3860	0.5187	3	3	-9.0000	30	chr0.5000	1	19209543	low	0.0000	-9
214	0.3860	0.5187	3	3	-9.0000	30	chr0.5000	1	19209683	low	0.0000	-9
216	-9	-9	-9	-9	-9	-9	chr-9	1	19610736	low	0.0000	-9
217	-9	-9	-9	-9	-9	-9	chr-9	1	19632625	ok	0.6670	-9
218	-9	-9	-9	-9	-9	-9	chr-9	1	19684006	low	0.0000	-9
219	-9	-9	-9	-9	-9	-9	chr-9	1	19948683	ok	1.0000	-9
220	-9	-9	-9	-9	-9	-9	chr-9	1	20027352	low	0.0000	-9
221	-9	-9	-9	-9	-9	-9	chr-9	1	20066278	ok	1.0000	-9
222	-9	-9	-9	-9	-9	-9	chr-9	1	20097822	low	0.0000	-9
223	-9	-9	-9	-9	-9	-9	chr-9	1	20140860	ok	0.6670	-9
224	-9	-9	-9	-9	-9	-9	chr-9	1	20216737	low	0.0000	-9
225	-9	-9	-9	-9	-9	-9	chr-9	1	20248792	ok	1.0000	-9
226	-9	-9	-9	-9	-9	-9	chr-9	1	20305172	low	0.0000	-9
227	-9	-9	-9	-9	-9	-9	chr-9	1	20417173	low	0.0000	-9
228	-9	-9	-9	-9	-9	-9	chr-9	1	20442831	ok	0.5000	-9
229	-9	-9	-9	-9	-9	-9	chr-9	1	20490764	ok	1.0000	-9
230	-9	-9	-9	-9	-9	-9	chr-9	1	20499399	ok	1.0000	-9
231	-9	-9	-9	-9	-9	-9	chr-9	1	20501733	ok	1.0000	-9
242	-9	-9	-9	-9	-9	-9	chr-9	1	21144075	low	0.0000	-9
243	-9	-9	-9	-9	-9	-9	chr-9	1	21176042	ok	0.5000	-9
244	-9	-9	-9	-9	-9	-9	chr-9	1	21187050	ok	0.6670	-9
245	-9	-9	-9	-9	-9	-9	chr-9	1	21889899	low	0.0000	-9
246	-9	-9	-9	-9	-9	-9	chr-9	1	21890632	low	0.0000	-9
247	0.3750	0.4860	3	3	-9.0000	40	chr0.8750	1	21925905	low	0.0000	-9
253	0.5557	0.4347	3	3	-9.0000	20	chr0.2500	1	22150528	low	0.4440	-9
254	0.4823	0.3887	3	3	-9.0000	50	chr0.2500	1	22155894	low	0.3330	-9
255	0.4973	0.4213	3	3	-9.0000	50	chr0.5000	1	22157916	low	0.3330	-9
256	0.4570	0.3903	3	3	-9.0000	50	chr0.5000	1	22160235	low	0.3330	-9
257	0.4233	0.2833	3	3	-9.0000	50	chr0.5000	1	22168310	low	0.2500	-9
258	0.4000	0.3330	3	3	-9.0000	20	chr0.2500	1	22172729	low	0.0000	-9
259	0.3513	0.2693	3	3	-9.0000	40	chr0.2500	1	22174705	low	0.0000	-9
260	0.4333	0.1113	3	3	-9.0000	20	chr0.2500	1	22183739	low	0.3000	-9
261	0.5333	0.1333	3	3	-9.0000	20	chr0.2500	1	22186314	low	0.0000	-9
262	0.2203	0.1667	3	3	-9.0000	20	chr0.5000	1	22199175	low	0.0000	-9
263	0.2203	0.1667	3	3	-9.0000	20	chr0.5000	1	22200998	low	0.0000	-9
264	0.2780	0.2380	3	3	-9.0000	50	chr0.5000	1	22204947	low	0.0000	-9
265	0.2780	0.2380	3	3	-9.0000	50	chr0.5000	1	22205687	low	0.0000	-9
266	0.2407	0.2667	3	3	-9.0000	30	chr0.5000	1	22206742	low	0.0000	-9
267	0.2407	0.2667	3	3	-9.0000	40	chr0.5000	1	22207140	low	0.0000	-9
268	0.2407	0.2667	3	3	-9.0000	50	chr0.5000	1	22214279	low	0.0000	-9
269	0.2407	0.2667	3	3	-9.0000	50	chr0.5000	1	22216661	low	0.0000	-9
270	-9	-9	-9	-9	-9	-9	chr-9	1	22417833	low	0.0000	-9
271	-9	-9	-9	-9	-9	-9	chr-9	1	22447746	ok	1.0000	-9
275	-9	-9	-9	-9	-9	-9	chr-9	1	23519761	ok	1.0000	-9
278	0.5833	0.7917	3	3	-9.0000	50	chr0.7500	1	23735241	low	0.0000	-9
279	0.4167	0.7500	3	3	-9.0000	30	chr0.8750	1	23743751	low	0.2500	-9
280	0.3333	0.6667	3	3	-9.0000	20	chr0.8750	1	23756303	low	0.0000	-9
281	0.3333	0.6667	3	3	-9.0000	20	chr0.8750	1	23758427	low	0.0000	-9
282	0.3333	0.6667	3	3	-9.0000	20	chr0.8750	1	23765617	low	0.0000	-9
283	-9	-9	-9	-9	-9	-9	chr-9	1	23850766	low	0.0000	-9
284	-9	-9	-9	-9	-9	-9	chr-9	1	24134721	low	0.3330	-9
285	-9	-9	-9	-9	-9	-9	chr-9	1	24144117	low	0.0000	-9
286	-9	-9	-9	-9	-9	-9	chr-9	1	24298595	ok	1.0000	-9
287	-9	-9	-9	-9	-9	-9	chr-9	1	24301552	ok	1.0000	-9
288	0.1667	0.3333	3	3	-9.0000	10	chr0.8750	1	24383917	low	0.0000	-9
289	0.1667	0.3333	3	3	-9.0000	10	chr0.8750	1	24385441	low	0.0000	-9
290	0.1667	0.3333	3	3	-9.0000	10	chr1.0000	1	24388465	low	0.0000	-9
291	0.2667	0.5333	3	3	-9.0000	20	chr1.0000	1	24400584	low	0.0000	-9
292	0.4403	0.7320	3	3	-9.0000	10	chr1.0000	1	24413118	low	0.4550	-9
293	0.4167	0.7023	3	3	-9.0000	10	chr1.0000	1	24413427	low	0.4550	-9
295	0.3333	0.6667	3	3	-9.0000	30	chr0.8750	1	24434679	low	0.0000	-9
296	0.3333	0.6667	3	3	-9.0000	10	chr0.6667	1	24447468	low	0.0000	-9
297	0.3333	0.6667	3	3	-9.0000	10	chr0.6667	1	24447628	low	0.0000	-9
298	0.3333	0.6667	3	3	-9.0000	10	chr0.6667	1	24447801	low	0.0000	-9
299	0.3333	0.6667	3	3	-9.0000	40	chr0.6667	1	24465113	low	0.0000	-9
300	0.3333	0.6667	3	3	-9.0000	40	chr0.6667	1	24465309	low	0.0000	-9
301	0.1667	0.3333	3	3	-9.0000	50	chr0.6667	1	24486167	low	0.0000	-9
302	0.0833	0.1667	3	3	-9.0000	40	chr0.6667	1	24488093	low	0.0000	-9
303	0.0833	0.1667	3	3	-9.0000	30	chr0.6667	1	24495968	low	0.0000	-9
304	-9	-9	-9	-9	-9	-9	chr-9	1	24727897	ok	1.0000	-9
305	-9	-9	-9	-9	-9	-9	chr-9	1	24840882	low	0.0000	-9
306	-9	-9	-9	-9	-9	-9	chr-9	1	24857821	ok	0.5000	-9
307	-9	-9	-9	-9	-9	-9	chr-9	1	24987302	low	0.0000	-9
308	-9	-9	-9	-9	-9	-9	chr-9	1	25098461	ok	1.0000	-9
309	-9	-9	-9	-9	-9	-9	chr-9	1	25140825	low	0.0000	-9
310	-9	-9	-9	-9	-9	-9	chr-9	1	25678042	low	0.0000	-9
311	-9	-9	-9	-9	-9	-9	chr-9	1	25784750	ok	1.0000	-9
312	-9	-9	-9	-9	-9	-9	chr-9	1	25889539	ok	0.7500	-9
313	-9	-9	-9	-9	-9	-9	chr-9	1	25890050	ok	0.7500	-9
314	-9	-9	-9	-9	-9	-9	chr-9	1	25890295	ok	0.7500	-9
315	-9	-9	-9	-9	-9	-9	chr-9	1	25890373	ok	0.7500	-9
316	0.1110	0.2220	3	3	-9.0000	30	chr0.6667	1	26075871	low	0.0000	-9
317	0.1110	0.2220	3	3	-9.0000	20	chr0.6667	1	26084959	low	0.0000	-9
318	0.0667	0.1333	3	3	-9.0000	40	chr0.7500	1	26090437	low	0.0000	-9
319	0.1667	0.1667	3	3	-9.0000	40	chr0.7500	1	26107481	low	0.0000	-9
320	0.2000	0.2667	3	3	-9.0000	40	chr1.0000	1	26110344	low	0.0000	-9
321	0.1413	0.1720	3	3	-9.0000	50	chr0.7500	1	26127765	low	0.0910	-9
322	0.1303	0.1583	3	3	-9.0000	50	chr0.7500	1	26131654	low	0.0830	-9
323	0.1113	0.1113	3	3	-9.0000	10	chr0.7500	1	26136006	low	0.0910	-9
324	0.1113	0.1113	3	3	-9.0000	20	chr0.7500	1	26138388	low	0.0000	-9
325	0.1113	0.1113	3	3	-9.0000	20	chr0.7500	1	26138451	low	0.0000	-9
326	0.1113	0.1113	3	3	-9.0000	20	chr0.7500	1	26139137	low	0.0000	-9
327	0.0953	0.0953	3	3	-9.0000	20	chr0.7500	1	26140323	low	0.0000	-9
328	0.0607	0.0607	3	3	-9.0000	40	chr0.7500	1	26149434	low	0.0000	-9
329	0.0833	0.1137	3	3	-9.0000	50	chr0.7500	1	26152758	low	0.0000	-9
330	0.0607	0.0607	3	3	-9.0000	50	chr0.6250	1	26152873	low	0.0000	-9
331	-9	-9	-9	-9	-9	-9	chr-9	1	26158445	low	0.0000	-9
332	-9	-9	-9	-9	-9	-9	chr-9	1	26163763	low	0.0000	-9
333	0.3333	0.6667	3	3	-9.0000	10	chr0.6667	1	26310394	low	0.0000	-9
334	0.3333	0.6667	3	3	-9.0000	10	chr0.6667	1	26310926	low	0.0000	-9
335	0.3333	0.6667	3	3	-9.0000	10	chr0.6667	1	26314703	low	0.0000	-9
336	0.4447	0.6667	3	3	-9.0000	20	chr0.5000	1	26365549	low	0.0000	-9
337	0.4447	0.6667	3	3	-9.0000	20	chr0.5000	1	26365818	low	0.0000	-9
338	0.4447	0.6667	3	3	-9.0000	10	chr0.5000	1	26368925	low	0.1430	-9
339	0.4447	0.6667	3	3	-9.0000	10	chr0.5000	1	26369924	low	0.1430	-9
340	0.5000	0.6667	3	3	-9.0000	10	chr0.5000	1	26372282	low	0.1430	-9
341	0.4667	0.6667	3	3	-9.0000	20	chr0.5000	1	26378211	low	0.0000	-9
343	-9	-9	-9	-9	-9	-9	chr-9	1	26690921	low	0.3330	-9
344	-9	-9	-9	-9	-9	-9	chr-9	1	26691101	low	0.3330	-9
345	-9	-9	-9	-9	-9	-9	chr-9	1	26759606	low	0.0000	-9
347	-9	-9	-9	-9	-9	-9	chr-9	1	27426945	low	0.3330	-9
348	-9	-9	-9	-9	-9	-9	chr-9	1	27427789	low	0.3330	-9
349	-9	-9	-9	-9	-9	-9	chr-9	1	27428539	low	0.3330	-9
350	-9	-9	-9	-9	-9	-9	chr-9	1	27622864	ok	0.5000	-9
354	-9	-9	-9	-9	-9	-9	chr-9	1	27876030	ok	0.5000	-9
355	-9	-9	-9	-9	-9	-9	chr-9	1	28087186	low	0.0000	-9
356	-9	-9	-9	-9	-9	-9	chr-9	1	28115938	ok	1.0000	-9
357	-9	-9	-9	-9	-9	-9	chr-9	1	28286543	low	0.0000	-9
358	-9	-9	-9	-9	-9	-9	chr-9	1	29189698	low	0.0000	-9
359	-9	-9	-9	-9	-9	-9	chr-9	1	29314069	low	0.0000	-9
360	-9	-9	-9	-9	-9	-9	chr-9	1	29385049	ok	1.0000	-9
361	-9	-9	-9	-9	-9	-9	chr-9	1	29391785	ok	1.0000	-9
362	-9	-9	-9	-9	-9	-9	chr-9	1	29542605	ok	0.5000	-9
363	-9	-9	-9	-9	-9	-9	chr-9	1	29631188	ok	1.0000	-9
364	-9	-9	-9	-9	-9	-9	chr-9	1	31346299	ok	1.0000	-9
365	-9	-9	-9	-9	-9	-9	chr-9	1	31347439	ok	1.0000	-9
366	-9	-9	-9	-9	-9	-9	chr-9	1	31351459	ok	1.0000	-9
367	-9	-9	-9	-9	-9	-9	chr-9	1	31441106	ok	1.0000	-9
368	-9	-9	-9	-9	-9	-9	chr-9	1	31654502	ok	1.0000	-9
369	-9	-9	-9	-9	-9	-9	chr-9	1	31762215	ok	1.0000	-9
370	-9	-9	-9	-9	-9	-9	chr-9	1	31762334	ok	1.0000	-9
376	-9	-9	-9	-9	-9	-9	chr-9	1	32137235	ok	1.0000	-9
377	-9	-9	-9	-9	-9	-9	chr-9	1	32145244	ok	1.0000	-9
378	-9	-9	-9	-9	-9	-9	chr-9	1	32148778	ok	1.0000	-9
379	-9	-9	-9	-9	-9	-9	chr-9	1	32207911	ok	1.0000	-9
380	-9	-9	-9	-9	-9	-9	chr-9	1	32542711	ok	1.0000	-9
381	-9	-9	-9	-9	-9	-9	chr-9	1	32671148	ok	1.0000	-9
382	-9	-9	-9	-9	-9	-9	chr-9	1	33065732	ok	1.0000	-9
383	-9	-9	-9	-9	-9	-9	chr-9	1	33134989	ok	1.0000	-9
384	-9	-9	-9	-9	-9	-9	chr-9	1	33135188	ok	1.0000	-9
385	-9	-9	-9	-9	-9	-9	chr-9	1	33138228	ok	1.0000	-9
386	-9	-9	-9	-9	-9	-9	chr-9	1	33138605	ok	1.0000	-9
387	-9	-9	-9	-9	-9	-9	chr-9	1	33147462	ok	1.0000	-9
							chr		
Start	time:	30	Apr	2021	12:25:24h		chr		
End	time:	30	Apr	2021	12:25:24h		chr		
